ASP
ActionScript
AdvancedNewFile
AppleScript
Batch File
C#
C++
CSS
Clojure
Color Scheme - Default
D
Default
Delphi Style Bookmarks
Diff
Emmet
Erlang
Git
GitGutter
Go
Graphviz
Groovy
HTML
Harvey
Haskell
Http Requester
Java
JavaScript
LaTeX
Language - English
Lisp
Lua
Makefile
Markdown
Markdown Preview
Matlab
OCaml
Objective-C
Objective-C Autocompletion
PHP
Package Control
Perl
Pretty JSON
PyV8
Python
R
Rails
Regular Expressions
RestructuredText
Ruby
SQL
Scala
Shell Turtlestein
ShellScript
SideBarEnhancements
SideBarGit
TCL
Text
Textile
Theme - Default
Theme - Soda
User
Vintage
XML
YAML
